
> antigravity-ai@0.1.0 build
> next build

▲ Next.js 16.1.6 (Turbopack)
- Environments: .env.local

⚠ The "middleware" file convention is deprecated. Please use "proxy" instead. Learn more: https://nextjs.org/docs/messages/middleware-to-proxy
  Creating an optimized production build ...
✓ Compiled successfully in 6.2s
  Running TypeScript ...
  Collecting page data using 11 workers ...
  Generating static pages using 11 workers (0/14) ...
  Generating static pages using 11 workers (3/14) 
  Generating static pages using 11 workers (6/14) 
  Generating static pages using 11 workers (10/14) 
✓ Generating static pages using 11 workers (14/14) in 743.2ms
  Finalizing page optimization ...

Route (app)
┌ ○ /
├ ○ /_not-found
├ ƒ /api/agent
├ ƒ /api/android
├ ƒ /api/android/agent
├ ƒ /api/browser
├ ƒ /api/chat
├ ƒ /api/history
├ ƒ /api/memory
├ ƒ /api/pdf/query
├ ƒ /api/search
├ ƒ /api/upload
├ ƒ /api/vision
└ ƒ /api/whisper


ƒ Proxy (Middleware)

○  (Static)   prerendered as static content
ƒ  (Dynamic)  server-rendered on demand

